#
# There is insufficient memory for the Java Runtime Environment to continue.
# Native memory allocation (malloc) failed to allocate 566256 bytes for Chunk::new
# Possible reasons:
#   The system is out of physical RAM or swap space
#   The process is running with CompressedOops enabled, and the Java Heap may be blocking the growth of the native heap
# Possible solutions:
#   Reduce memory load on the system
#   Increase physical memory or swap space
#   Check if swap backing store is full
#   Decrease Java heap size (-Xmx/-Xms)
#   Decrease number of Java threads
#   Decrease Java thread stack sizes (-Xss)
#   Set larger code cache with -XX:ReservedCodeCacheSize=
#   JVM is running with Unscaled Compressed Oops mode in which the Java heap is
#     placed in the first 4GB address space. The Java Heap base address is the
#     maximum limit for the native heap growth. Please use -XX:HeapBaseMinAddress
#     to set the Java Heap base and to place the Java Heap above 4GB virtual address.
# This output file may be truncated or incomplete.
#
#  Out of Memory Error (allocation.cpp:389), pid=12904, tid=0x0000000000002bf4
#
# JRE version: Java(TM) SE Runtime Environment (8.0_251-b08) (build 1.8.0_251-b08)
# Java VM: Java HotSpot(TM) 64-Bit Server VM (25.251-b08 mixed mode windows-amd64 compressed oops)
# Failed to write core dump. Minidumps are not enabled by default on client versions of Windows
#

---------------  T H R E A D  ---------------

Current thread (0x00000000150b0800):  JavaThread "C2 CompilerThread0" daemon [_thread_in_native, id=11252, stack(0x0000000016730000,0x0000000016830000)]

Stack: [0x0000000016730000,0x0000000016830000]
[error occurred during error reporting (printing stack bounds), id 0xc0000005]

Native frames: (J=compiled Java code, j=interpreted, Vv=VM code, C=native code)


Current CompileTask:
C2:  26694 3413  s    4       org.mapsforge.map.rendertheme.rule.RenderTheme::matchWay (161 bytes)


---------------  P R O C E S S  ---------------

Java Threads: ( => current thread )
  0x0000000017410000 JavaThread "qtp726281927-30" [_thread_in_native, id=10416, stack(0x000000001bb50000,0x000000001bc50000)]
  0x0000000017411800 JavaThread "qtp726281927-29" [_thread_blocked, id=11012, stack(0x000000001ba50000,0x000000001bb50000)]
  0x000000001740e800 JavaThread "qtp726281927-28" [_thread_blocked, id=4596, stack(0x000000001b950000,0x000000001ba50000)]
  0x000000001740f000 JavaThread "qtp726281927-27" [_thread_blocked, id=11612, stack(0x0000000019eb0000,0x0000000019fb0000)]
  0x000000001740d000 JavaThread "Connector-Scheduler-71c8becc-1" [_thread_blocked, id=9860, stack(0x00000000190b0000,0x00000000191b0000)]
  0x0000000017413000 JavaThread "AWT-Windows" daemon [_thread_in_native, id=6428, stack(0x0000000019fb0000,0x000000001a0b0000)]
  0x00000000176c6000 JavaThread "Java2D Disposer" daemon [_thread_blocked, id=8692, stack(0x0000000019db0000,0x0000000019eb0000)]
  0x0000000018043800 JavaThread "qtp726281927-19" [_thread_blocked, id=7560, stack(0x00000000198b0000,0x00000000199b0000)]
  0x0000000018040800 JavaThread "qtp726281927-18" [_thread_blocked, id=9672, stack(0x00000000197b0000,0x00000000198b0000)]
  0x0000000018040000 JavaThread "qtp726281927-17" [_thread_in_native, id=9120, stack(0x00000000196b0000,0x00000000197b0000)]
  0x000000001767b800 JavaThread "qtp726281927-16" [_thread_in_native, id=2628, stack(0x00000000195b0000,0x00000000196b0000)]
  0x000000001767a800 JavaThread "qtp726281927-15" [_thread_blocked, id=7700, stack(0x00000000194b0000,0x00000000195b0000)]
  0x00000000176d0800 JavaThread "qtp726281927-14-acceptor-0@2dd8e9ef-ServerConnector@71c8becc{HTTP/1.1,[http/1.1]}{localhost:8080}" [_thread_in_native, id=132, stack(0x00000000193b0000,0x00000000194b0000)]
  0x00000000182ff800 JavaThread "qtp726281927-13" [_thread_blocked, id=11740, stack(0x00000000192b0000,0x00000000193b0000)]
  0x00000000183fb800 JavaThread "qtp726281927-12" [_thread_blocked, id=1220, stack(0x00000000191b0000,0x00000000192b0000)]
  0x000000001510e000 JavaThread "Service Thread" daemon [_thread_blocked, id=11268, stack(0x0000000016e30000,0x0000000016f30000)]
  0x00000000150bd800 JavaThread "C1 CompilerThread2" daemon [_thread_blocked, id=7232, stack(0x0000000016930000,0x0000000016a30000)]
  0x00000000150b9000 JavaThread "C2 CompilerThread1" daemon [_thread_blocked, id=12456, stack(0x0000000016830000,0x0000000016930000)]
=>0x00000000150b0800 JavaThread "C2 CompilerThread0" daemon [_thread_in_native, id=11252, stack(0x0000000016730000,0x0000000016830000)]
  0x00000000150ae800 JavaThread "Attach Listener" daemon [_thread_blocked, id=2304, stack(0x0000000016630000,0x0000000016730000)]
  0x00000000150ad000 JavaThread "Signal Dispatcher" daemon [_thread_blocked, id=3852, stack(0x0000000016530000,0x0000000016630000)]
  0x000000001509a800 JavaThread "Finalizer" daemon [_thread_blocked, id=4020, stack(0x0000000016300000,0x0000000016400000)]
  0x0000000002a93000 JavaThread "Reference Handler" daemon [_thread_blocked, id=12416, stack(0x0000000016200000,0x0000000016300000)]
  0x00000000029a3800 JavaThread "main" [_thread_blocked, id=7336, stack(0x00000000028a0000,0x00000000029a0000)]

Other Threads:
  0x0000000015077800 VMThread [stack: 0x0000000016100000,0x0000000016200000] [id=13136]
  0x0000000016a7c000 WatcherThread [stack: 0x0000000016f30000,0x0000000017030000] [id=7716]

VM state:not at safepoint (normal execution)

VM Mutex/Monitor currently owned by a thread: None

heap address: 0x00000000c1400000, size: 1004 MB, Compressed Oops mode: 32-bit
Narrow klass base: 0x0000000000000000, Narrow klass shift: 3
Compressed class space size: 1073741824 Address: 0x0000000100000000

Heap:
 PSYoungGen      total 35328K, used 8947K [0x00000000eb180000, 0x00000000ef080000, 0x0000000100000000)
  eden space 32768K, 19% used [0x00000000eb180000,0x00000000eb7c0d70,0x00000000ed180000)
  from space 2560K, 99% used [0x00000000ed180000,0x00000000ed3fc020,0x00000000ed400000)
  to   space 8704K, 0% used [0x00000000ee800000,0x00000000ee800000,0x00000000ef080000)
 ParOldGen       total 41472K, used 31537K [0x00000000c1400000, 0x00000000c3c80000, 0x00000000eb180000)
  object space 41472K, 76% used [0x00000000c1400000,0x00000000c32cc518,0x00000000c3c80000)
 Metaspace       used 21065K, capacity 21382K, committed 21884K, reserved 1069056K
  class space    used 2462K, capacity 2563K, committed 2684K, reserved 1048576K

Card table byte_map: [0x0000000011e60000,0x0000000012060000] byte_map_base: 0x0000000011856000

Marking Bits: (ParMarkBitMap*) 0x000000006e29af90
 Begin Bits: [0x00000000125b0000, 0x0000000013560000)
 End Bits:   [0x0000000013560000, 0x0000000014510000)

Polling page: 0x00000000007b0000

CodeCache: size=245760Kb used=9840Kb max_used=10001Kb free=235919Kb
 bounds [0x0000000002aa0000, 0x0000000003490000, 0x0000000011aa0000]
 total_blobs=3507 nmethods=2904 adapters=516
 compilation: enabled

Compilation events (10 events):
Event: 26.593 Thread 0x00000000150bd800 3416   !   3       org.eclipse.jetty.server.HttpChannelState::commitResponse (52 bytes)
Event: 26.593 Thread 0x00000000150bd800 nmethod 3416 0x0000000002bd64d0 code [0x0000000002bd6640, 0x0000000002bd6a70]
Event: 26.593 Thread 0x00000000150bd800 3417       3       org.eclipse.jetty.server.HttpChannel$SendCallback::<init> (52 bytes)
Event: 26.594 Thread 0x00000000150bd800 nmethod 3417 0x0000000003299bd0 code [0x0000000003299d60, 0x000000000329a268]
Event: 26.594 Thread 0x00000000150bd800 3418       3       org.eclipse.jetty.util.Callback$Nested::<init> (10 bytes)
Event: 26.595 Thread 0x00000000150bd800 nmethod 3418 0x0000000002f79fd0 code [0x0000000002f7a140, 0x0000000002f7a370]
Event: 26.595 Thread 0x00000000150bd800 3419       3       org.eclipse.jetty.server.HttpConnection::send (67 bytes)
Event: 26.596 Thread 0x00000000150bd800 nmethod 3419 0x0000000002f81410 code [0x0000000002f815e0, 0x0000000002f81dc8]
Event: 26.596 Thread 0x00000000150bd800 3420       3       org.eclipse.jetty.server.HttpChannel$SendCallback::succeeded (113 bytes)
Event: 26.598 Thread 0x00000000150bd800 nmethod 3420 0x000000000302dad0 code [0x000000000302dcc0, 0x000000000302e5e8]

GC Heap History (10 events):
Event: 20.749 GC heap before
{Heap before GC invocations=12 (full 1):
 PSYoungGen      total 35328K, used 736K [0x00000000eb180000, 0x00000000ed680000, 0x0000000100000000)
  eden space 32768K, 0% used [0x00000000eb180000,0x00000000eb180000,0x00000000ed180000)
  from space 2560K, 28% used [0x00000000ed180000,0x00000000ed238000,0x00000000ed400000)
  to   space 2560K, 0% used [0x00000000ed400000,0x00000000ed400000,0x00000000ed680000)
 ParOldGen       total 44032K, used 27231K [0x00000000c1400000, 0x00000000c3f00000, 0x00000000eb180000)
  object space 44032K, 61% used [0x00000000c1400000,0x00000000c2e97e38,0x00000000c3f00000)
 Metaspace       used 20969K, capacity 21310K, committed 21628K, reserved 1069056K
  class space    used 2462K, capacity 2563K, committed 2684K, reserved 1048576K
Event: 20.876 GC heap after
Heap after GC invocations=12 (full 1):
 PSYoungGen      total 35328K, used 0K [0x00000000eb180000, 0x00000000ed680000, 0x0000000100000000)
  eden space 32768K, 0% used [0x00000000eb180000,0x00000000eb180000,0x00000000ed180000)
  from space 2560K, 0% used [0x00000000ed180000,0x00000000ed180000,0x00000000ed400000)
  to   space 2560K, 0% used [0x00000000ed400000,0x00000000ed400000,0x00000000ed680000)
 ParOldGen       total 41472K, used 17191K [0x00000000c1400000, 0x00000000c3c80000, 0x00000000eb180000)
  object space 41472K, 41% used [0x00000000c1400000,0x00000000c24c9e70,0x00000000c3c80000)
 Metaspace       used 20969K, capacity 21310K, committed 21628K, reserved 1069056K
  class space    used 2462K, capacity 2563K, committed 2684K, reserved 1048576K
}
Event: 22.331 GC heap before
{Heap before GC invocations=13 (full 1):
 PSYoungGen      total 35328K, used 32768K [0x00000000eb180000, 0x00000000ed680000, 0x0000000100000000)
  eden space 32768K, 100% used [0x00000000eb180000,0x00000000ed180000,0x00000000ed180000)
  from space 2560K, 0% used [0x00000000ed180000,0x00000000ed180000,0x00000000ed400000)
  to   space 2560K, 0% used [0x00000000ed400000,0x00000000ed400000,0x00000000ed680000)
 ParOldGen       total 41472K, used 17191K [0x00000000c1400000, 0x00000000c3c80000, 0x00000000eb180000)
  object space 41472K, 41% used [0x00000000c1400000,0x00000000c24c9e70,0x00000000c3c80000)
 Metaspace       used 20973K, capacity 21374K, committed 21884K, reserved 1069056K
  class space    used 2462K, capacity 2563K, committed 2684K, reserved 1048576K
Event: 22.347 GC heap after
Heap after GC invocations=13 (full 1):
 PSYoungGen      total 35328K, used 2544K [0x00000000eb180000, 0x00000000ed680000, 0x0000000100000000)
  eden space 32768K, 0% used [0x00000000eb180000,0x00000000eb180000,0x00000000ed180000)
  from space 2560K, 99% used [0x00000000ed400000,0x00000000ed67c020,0x00000000ed680000)
  to   space 2560K, 0% used [0x00000000ed180000,0x00000000ed180000,0x00000000ed400000)
 ParOldGen       total 41472K, used 19207K [0x00000000c1400000, 0x00000000c3c80000, 0x00000000eb180000)
  object space 41472K, 46% used [0x00000000c1400000,0x00000000c26c1fc0,0x00000000c3c80000)
 Metaspace       used 20973K, capacity 21374K, committed 21884K, reserved 1069056K
  class space    used 2462K, capacity 2563K, committed 2684K, reserved 1048576K
}
Event: 23.858 GC heap before
{Heap before GC invocations=14 (full 1):
 PSYoungGen      total 35328K, used 35312K [0x00000000eb180000, 0x00000000ed680000, 0x0000000100000000)
  eden space 32768K, 100% used [0x00000000eb180000,0x00000000ed180000,0x00000000ed180000)
  from space 2560K, 99% used [0x00000000ed400000,0x00000000ed67c020,0x00000000ed680000)
  to   space 2560K, 0% used [0x00000000ed180000,0x00000000ed180000,0x00000000ed400000)
 ParOldGen       total 41472K, used 19207K [0x00000000c1400000, 0x00000000c3c80000, 0x00000000eb180000)
  object space 41472K, 46% used [0x00000000c1400000,0x00000000c26c1fc0,0x00000000c3c80000)
 Metaspace       used 20988K, capacity 21374K, committed 21884K, reserved 1069056K
  class space    used 2462K, capacity 2563K, committed 2684K, reserved 1048576K
Event: 23.869 GC heap after
Heap after GC invocations=14 (full 1):
 PSYoungGen      total 35328K, used 2528K [0x00000000eb180000, 0x00000000ed680000, 0x0000000100000000)
  eden space 32768K, 0% used [0x00000000eb180000,0x00000000eb180000,0x00000000ed180000)
  from space 2560K, 98% used [0x00000000ed180000,0x00000000ed3f8010,0x00000000ed400000)
  to   space 2560K, 0% used [0x00000000ed400000,0x00000000ed400000,0x00000000ed680000)
 ParOldGen       total 41472K, used 22351K [0x00000000c1400000, 0x00000000c3c80000, 0x00000000eb180000)
  object space 41472K, 53% used [0x00000000c1400000,0x00000000c29d3c08,0x00000000c3c80000)
 Metaspace       used 20988K, capacity 21374K, committed 21884K, reserved 1069056K
  class space    used 2462K, capacity 2563K, committed 2684K, reserved 1048576K
}
Event: 25.127 GC heap before
{Heap before GC invocations=15 (full 1):
 PSYoungGen      total 35328K, used 35296K [0x00000000eb180000, 0x00000000ed680000, 0x0000000100000000)
  eden space 32768K, 100% used [0x00000000eb180000,0x00000000ed180000,0x00000000ed180000)
  from space 2560K, 98% used [0x00000000ed180000,0x00000000ed3f8010,0x00000000ed400000)
  to   space 2560K, 0% used [0x00000000ed400000,0x00000000ed400000,0x00000000ed680000)
 ParOldGen       total 41472K, used 22351K [0x00000000c1400000, 0x00000000c3c80000, 0x00000000eb180000)
  object space 41472K, 53% used [0x00000000c1400000,0x00000000c29d3c08,0x00000000c3c80000)
 Metaspace       used 21015K, capacity 21382K, committed 21884K, reserved 1069056K
  class space    used 2462K, capacity 2563K, committed 2684K, reserved 1048576K
Event: 25.140 GC heap after
Heap after GC invocations=15 (full 1):
 PSYoungGen      total 35328K, used 2528K [0x00000000eb180000, 0x00000000ed680000, 0x0000000100000000)
  eden space 32768K, 0% used [0x00000000eb180000,0x00000000eb180000,0x00000000ed180000)
  from space 2560K, 98% used [0x00000000ed400000,0x00000000ed678020,0x00000000ed680000)
  to   space 2560K, 0% used [0x00000000ed180000,0x00000000ed180000,0x00000000ed400000)
 ParOldGen       total 41472K, used 27713K [0x00000000c1400000, 0x00000000c3c80000, 0x00000000eb180000)
  object space 41472K, 66% used [0x00000000c1400000,0x00000000c2f10438,0x00000000c3c80000)
 Metaspace       used 21015K, capacity 21382K, committed 21884K, reserved 1069056K
  class space    used 2462K, capacity 2563K, committed 2684K, reserved 1048576K
}
Event: 26.488 GC heap before
{Heap before GC invocations=16 (full 1):
 PSYoungGen      total 35328K, used 35296K [0x00000000eb180000, 0x00000000ed680000, 0x0000000100000000)
  eden space 32768K, 100% used [0x00000000eb180000,0x00000000ed180000,0x00000000ed180000)
  from space 2560K, 98% used [0x00000000ed400000,0x00000000ed678020,0x00000000ed680000)
  to   space 2560K, 0% used [0x00000000ed180000,0x00000000ed180000,0x00000000ed400000)
 ParOldGen       total 41472K, used 27768K [0x00000000c1400000, 0x00000000c3c80000, 0x00000000eb180000)
  object space 41472K, 66% used [0x00000000c1400000,0x00000000c2f1e3c8,0x00000000c3c80000)
 Metaspace       used 21055K, capacity 21382K, committed 21884K, reserved 1069056K
  class space    used 2462K, capacity 2563K, committed 2684K, reserved 1048576K
Event: 26.500 GC heap after
Heap after GC invocations=16 (full 1):
 PSYoungGen      total 35328K, used 2544K [0x00000000eb180000, 0x00000000ef080000, 0x0000000100000000)
  eden space 32768K, 0% used [0x00000000eb180000,0x00000000eb180000,0x00000000ed180000)
  from space 2560K, 99% used [0x00000000ed180000,0x00000000ed3fc020,0x00000000ed400000)
  to   space 8704K, 0% used [0x00000000ee800000,0x00000000ee800000,0x00000000ef080000)
 ParOldGen       total 41472K, used 31537K [0x00000000c1400000, 0x00000000c3c80000, 0x00000000eb180000)
  object space 41472K, 76% used [0x00000000c1400000,0x00000000c32cc518,0x00000000c3c80000)
 Metaspace       used 21055K, capacity 21382K, committed 21884K, reserved 1069056K
  class space    used 2462K, capacity 2563K, committed 2684K, reserved 1048576K
}

Deoptimization events (10 events):
Event: 16.549 Thread 0x00000000183fb800 Uncommon trap: reason=unstable_if action=reinterpret pc=0x000000000319b884 method=java.util.LinkedHashMap.afterNodeInsertion(Z)V @ 18
Event: 18.178 Thread 0x0000000018040800 Uncommon trap: reason=unstable_if action=reinterpret pc=0x0000000002fc2624 method=sun.nio.cs.UTF_8$Decoder.decode([BII[C)I @ 90
Event: 18.179 Thread 0x0000000018040800 Uncommon trap: reason=unstable_if action=reinterpret pc=0x0000000002d36148 method=sun.nio.cs.UTF_8$Decoder.decode([BII[C)I @ 30
Event: 18.750 Thread 0x000000001767a800 Uncommon trap: reason=unstable_if action=reinterpret pc=0x000000000335682c method=org.mapsforge.map.rendertheme.renderinstruction.Caption.renderWay(Lorg/mapsforge/map/rendertheme/RenderCallback;Lorg/mapsforge/map/rendertheme/RenderContext;Lorg/mapsforge/m
Event: 20.411 Thread 0x000000001767b800 Uncommon trap: reason=unstable_if action=reinterpret pc=0x00000000032ffcb4 method=sun.font.ScriptRun.getPairIndex(I)I @ 54
Event: 20.690 Thread 0x000000001767b800 Uncommon trap: reason=unstable_if action=reinterpret pc=0x00000000033d45a8 method=java.awt.geom.AffineTransform.translate(DD)V @ 533
Event: 21.147 Thread 0x0000000018040800 Uncommon trap: reason=unstable_if action=reinterpret pc=0x000000000332bd98 method=sun.font.GlyphLayout$GVData.createGlyphVector(Ljava/awt/Font;Ljava/awt/font/FontRenderContext;Lsun/font/StandardGlyphVector;)Lsun/font/StandardGlyphVector; @ 18
Event: 26.133 Thread 0x0000000017410000 Uncommon trap: reason=unstable_if action=reinterpret pc=0x00000000033e2844 method=java.util.AbstractCollection.containsAll(Ljava/util/Collection;)Z @ 28
Event: 26.133 Thread 0x0000000017410000 Uncommon trap: reason=unstable_if action=reinterpret pc=0x00000000033d6124 method=java.util.AbstractCollection.containsAll(Ljava/util/Collection;)Z @ 28
Event: 26.133 Thread 0x0000000017410000 Uncommon trap: reason=unstable_if action=reinterpret pc=0x00000000033dd92c method=java.util.AbstractCollection.containsAll(Ljava/util/Collection;)Z @ 28

Classes redefined (0 events):
No events

Internal exceptions (10 events):
Event: 0.800 Thread 0x00000000029a3800 Exception <a 'java/security/PrivilegedActionException'> (0x00000000eb5d7200) thrown at [C:\jenkins\workspace\8-2-build-windows-amd64-cygwin\jdk8u251\737\hotspot\src\share\vm\prims\jvm.cpp, line 1502]
Event: 0.803 Thread 0x00000000029a3800 Exception <a 'java/security/PrivilegedActionException'> (0x00000000eb5dae70) thrown at [C:\jenkins\workspace\8-2-build-windows-amd64-cygwin\jdk8u251\737\hotspot\src\share\vm\prims\jvm.cpp, line 1502]
Event: 0.803 Thread 0x00000000029a3800 Exception <a 'java/security/PrivilegedActionException'> (0x00000000eb5db080) thrown at [C:\jenkins\workspace\8-2-build-windows-amd64-cygwin\jdk8u251\737\hotspot\src\share\vm\prims\jvm.cpp, line 1502]
Event: 0.818 Thread 0x00000000029a3800 Exception <a 'java/lang/NoClassDefFoundError': org/slf4j/Logger> (0x00000000eb602860) thrown at [C:\jenkins\workspace\8-2-build-windows-amd64-cygwin\jdk8u251\737\hotspot\src\share\vm\classfile\systemDictionary.cpp, line 199]
Event: 3.949 Thread 0x00000000029a3800 Exception <a 'java/lang/ArrayIndexOutOfBoundsException': 71> (0x00000000ebf4df18) thrown at [C:\jenkins\workspace\8-2-build-windows-amd64-cygwin\jdk8u251\737\hotspot\src\share\vm\interpreter\interpreterRuntime.cpp, line 368]
Event: 3.951 Thread 0x00000000029a3800 Exception <a 'java/lang/ArrayIndexOutOfBoundsException': 18> (0x00000000ebf4ec90) thrown at [C:\jenkins\workspace\8-2-build-windows-amd64-cygwin\jdk8u251\737\hotspot\src\share\vm\interpreter\interpreterRuntime.cpp, line 368]
Event: 3.951 Thread 0x00000000029a3800 Exception <a 'java/lang/ArrayIndexOutOfBoundsException': 60> (0x00000000ebf4fc48) thrown at [C:\jenkins\workspace\8-2-build-windows-amd64-cygwin\jdk8u251\737\hotspot\src\share\vm\interpreter\interpreterRuntime.cpp, line 368]
Event: 4.090 Thread 0x00000000029a3800 Exception <a 'java/io/FileNotFoundException'> (0x00000000ec162da0) thrown at [C:\jenkins\workspace\8-2-build-windows-amd64-cygwin\jdk8u251\737\hotspot\src\share\vm\prims\jni.cpp, line 710]
Event: 4.966 Thread 0x0000000017695000 Exception <a 'java/io/FileNotFoundException'> (0x00000000eb2fc3e0) thrown at [C:\jenkins\workspace\8-2-build-windows-amd64-cygwin\jdk8u251\737\hotspot\src\share\vm\prims\jni.cpp, line 710]
Event: 14.710 Thread 0x000000001740e800 Implicit null exception at 0x0000000003310afb to 0x0000000003310f91

Events (10 events):
Event: 26.488 Executing VM operation: ParallelGCSystemGC
Event: 26.500 Executing VM operation: ParallelGCSystemGC done
Event: 26.501 Executing VM operation: RevokeBias
Event: 26.501 Executing VM operation: RevokeBias done
Event: 26.502 Executing VM operation: RevokeBias
Event: 26.502 Executing VM operation: RevokeBias done
Event: 26.502 Executing VM operation: RevokeBias
Event: 26.503 Executing VM operation: RevokeBias done
Event: 26.633 Executing VM operation: RevokeBias
Event: 26.634 Executing VM operation: RevokeBias done


Dynamic libraries:
0x00007ff665260000 - 0x00007ff665297000 	C:\Program Files\Java\jre1.8.0_251\bin\javaw.exe
0x00007ffb38800000 - 0x00007ffb389f0000 	C:\WINDOWS\SYSTEM32\ntdll.dll
0x00007ffb36e70000 - 0x00007ffb36f22000 	C:\WINDOWS\System32\KERNEL32.DLL
0x00007ffb359d0000 - 0x00007ffb35c74000 	C:\WINDOWS\System32\KERNELBASE.dll
0x00007ffb38710000 - 0x00007ffb387b3000 	C:\WINDOWS\System32\ADVAPI32.dll
0x00007ffb37b40000 - 0x00007ffb37bde000 	C:\WINDOWS\System32\msvcrt.dll
0x00007ffb37400000 - 0x00007ffb37497000 	C:\WINDOWS\System32\sechost.dll
0x00007ffb368b0000 - 0x00007ffb369d0000 	C:\WINDOWS\System32\RPCRT4.dll
0x00007ffb37c60000 - 0x00007ffb37df4000 	C:\WINDOWS\System32\USER32.dll
0x00007ffb35830000 - 0x00007ffb35851000 	C:\WINDOWS\System32\win32u.dll
0x00007ffb37a40000 - 0x00007ffb37a66000 	C:\WINDOWS\System32\GDI32.dll
0x00007ffb35c80000 - 0x00007ffb35e15000 	C:\WINDOWS\System32\gdi32full.dll
0x00007ffb35790000 - 0x00007ffb3582e000 	C:\WINDOWS\System32\msvcp_win.dll
0x00007ffb36700000 - 0x00007ffb367fa000 	C:\WINDOWS\System32\ucrtbase.dll
0x00007ffb1e830000 - 0x00007ffb1eab4000 	C:\WINDOWS\WinSxS\amd64_microsoft.windows.common-controls_6595b64144ccf1df_6.0.18362.900_none_e6beb9d913147d17\COMCTL32.dll
0x00007ffb374a0000 - 0x00007ffb377d5000 	C:\WINDOWS\System32\combase.dll
0x00007ffb36830000 - 0x00007ffb368b0000 	C:\WINDOWS\System32\bcryptPrimitives.dll
0x00007ffb37ed0000 - 0x00007ffb37efe000 	C:\WINDOWS\System32\IMM32.DLL
0x000000006d8b0000 - 0x000000006d982000 	C:\Program Files\Java\jre1.8.0_251\bin\msvcr100.dll
0x000000006da70000 - 0x000000006e31b000 	C:\Program Files\Java\jre1.8.0_251\bin\server\jvm.dll
0x00007ffb36b20000 - 0x00007ffb36b28000 	C:\WINDOWS\System32\PSAPI.DLL
0x00007ffb341d0000 - 0x00007ffb341d9000 	C:\WINDOWS\SYSTEM32\WSOCK32.dll
0x00007ffb2e7f0000 - 0x00007ffb2e814000 	C:\WINDOWS\SYSTEM32\WINMM.dll
0x00007ffb37a70000 - 0x00007ffb37adf000 	C:\WINDOWS\System32\WS2_32.dll
0x00007ffb28ca0000 - 0x00007ffb28caa000 	C:\WINDOWS\SYSTEM32\VERSION.dll
0x00007ffb2e7c0000 - 0x00007ffb2e7ed000 	C:\WINDOWS\SYSTEM32\WINMMBASE.dll
0x00007ffb366b0000 - 0x00007ffb366fa000 	C:\WINDOWS\System32\cfgmgr32.dll
0x00007ffb31890000 - 0x00007ffb3189f000 	C:\Program Files\Java\jre1.8.0_251\bin\verify.dll
0x00007ffb25580000 - 0x00007ffb255a9000 	C:\Program Files\Java\jre1.8.0_251\bin\java.dll
0x00007ffb305d0000 - 0x00007ffb305e6000 	C:\Program Files\Java\jre1.8.0_251\bin\zip.dll
0x00007ffb38020000 - 0x00007ffb38706000 	C:\WINDOWS\System32\SHELL32.dll
0x00007ffb377e0000 - 0x00007ffb37889000 	C:\WINDOWS\System32\shcore.dll
0x00007ffb35f30000 - 0x00007ffb366b0000 	C:\WINDOWS\System32\windows.storage.dll
0x00007ffb356d0000 - 0x00007ffb356f3000 	C:\WINDOWS\System32\profapi.dll
0x00007ffb35700000 - 0x00007ffb3574a000 	C:\WINDOWS\System32\powrprof.dll
0x00007ffb356c0000 - 0x00007ffb356d0000 	C:\WINDOWS\System32\UMPDC.dll
0x00007ffb36cb0000 - 0x00007ffb36d02000 	C:\WINDOWS\System32\shlwapi.dll
0x00007ffb35750000 - 0x00007ffb35761000 	C:\WINDOWS\System32\kernel.appcore.dll
0x00007ffb359b0000 - 0x00007ffb359c7000 	C:\WINDOWS\System32\cryptsp.dll
0x00007ffb30180000 - 0x00007ffb3018d000 	C:\Program Files\Java\jre1.8.0_251\bin\management.dll
0x00007ffb30100000 - 0x00007ffb3011a000 	C:\Program Files\Java\jre1.8.0_251\bin\net.dll
0x00007ffb34f30000 - 0x00007ffb34f97000 	C:\WINDOWS\system32\mswsock.dll
0x00007ffb1c570000 - 0x00007ffb1c586000 	C:\WINDOWS\system32\napinsp.dll
0x00007ffb1c440000 - 0x00007ffb1c45a000 	C:\WINDOWS\system32\pnrpnsp.dll
0x00007ffb34c80000 - 0x00007ffb34d4b000 	C:\WINDOWS\SYSTEM32\DNSAPI.dll
0x00007ffb36ca0000 - 0x00007ffb36ca8000 	C:\WINDOWS\System32\NSI.dll
0x00007ffb34c40000 - 0x00007ffb34c7a000 	C:\WINDOWS\SYSTEM32\IPHLPAPI.DLL
0x00007ffb1bfa0000 - 0x00007ffb1bfae000 	C:\WINDOWS\System32\winrnr.dll
0x00007ffb31780000 - 0x00007ffb3179c000 	C:\WINDOWS\system32\NLAapi.dll
0x00007ffb30a90000 - 0x00007ffb30aa5000 	C:\WINDOWS\system32\wshbth.dll
0x00007ffb28a80000 - 0x00007ffb28a8a000 	C:\Windows\System32\rasadhlp.dll
0x00007ffb2c080000 - 0x00007ffb2c0f7000 	C:\WINDOWS\System32\fwpuclnt.dll
0x00007ffb36800000 - 0x00007ffb36826000 	C:\WINDOWS\System32\bcrypt.dll
0x00007ffb2ca00000 - 0x00007ffb2ca16000 	C:\WINDOWS\SYSTEM32\dhcpcsvc6.DLL
0x00007ffb2c270000 - 0x00007ffb2c28c000 	C:\WINDOWS\SYSTEM32\dhcpcsvc.DLL
0x00007ffb34aa0000 - 0x00007ffb34ad3000 	C:\WINDOWS\system32\rsaenh.dll
0x00007ffb355e0000 - 0x00007ffb35605000 	C:\WINDOWS\SYSTEM32\USERENV.dll
0x00007ffb35100000 - 0x00007ffb3510c000 	C:\WINDOWS\SYSTEM32\CRYPTBASE.dll
0x00007ffb2d6d0000 - 0x00007ffb2d6e2000 	C:\Program Files\Java\jre1.8.0_251\bin\nio.dll
0x00007ffb0ba10000 - 0x00007ffb0bbaa000 	C:\Program Files\Java\jre1.8.0_251\bin\awt.dll
0x00007ffb37e00000 - 0x00007ffb37ec5000 	C:\WINDOWS\System32\OLEAUT32.dll
0x00007ffb32cd0000 - 0x00007ffb32d5f000 	C:\WINDOWS\SYSTEM32\apphelp.dll
0x00007ffb33b60000 - 0x00007ffb33b8d000 	C:\WINDOWS\system32\DWMAPI.DLL
0x00007ffb32e60000 - 0x00007ffb32ef9000 	C:\WINDOWS\system32\uxtheme.dll
0x00007ffb369e0000 - 0x00007ffb36b15000 	C:\WINDOWS\System32\MSCTF.dll
0x00007ffb36d10000 - 0x00007ffb36e67000 	C:\WINDOWS\System32\ole32.dll
0x00007ffb30150000 - 0x00007ffb3017a000 	C:\Program Files\Java\jre1.8.0_251\bin\dcpr.dll
0x00007ffb25330000 - 0x00007ffb2536e000 	C:\Program Files\Java\jre1.8.0_251\bin\lcms.dll
0x00007ffb30250000 - 0x00007ffb30299000 	C:\Program Files\Java\jre1.8.0_251\bin\fontmanager.dll
0x00007ffb1e1d0000 - 0x00007ffb1e326000 	C:\WINDOWS\system32\opengl32.dll
0x00007ffb21940000 - 0x00007ffb2196c000 	C:\WINDOWS\SYSTEM32\GLU32.dll
0x00007ffb34330000 - 0x00007ffb34350000 	C:\WINDOWS\SYSTEM32\dxcore.dll
0x00007ffb30200000 - 0x00007ffb30242000 	C:\Program Files\Java\jre1.8.0_251\bin\t2k.dll

VM Arguments:
jvm_args: -Dfile.encoding=Cp1252 
java_command: com.telemaxx.mapsforgesrv.MapsforgeSrv -m C:\Users\top\BTSync\oruxmaps\mapfiles\Germany_North_oam.osm.map -t  C:\Users\top\BTSync\oruxmaps\mapstyles\ELV43\Elements.xml -s elmt-cycling
java_class_path (initial): C:\Users\top\git\mapsforgesrv_with_gradle\mapsforgesrv_with_gradle\bin\main;C:\Users\top\git\mapsforgesrv_with_gradle\mapsforgesrv_with_gradle\bin\test;C:\Users\top\git\mapsforgesrv_with_gradle\mapsforgesrv_with_gradle\bin\default;C:\Users\top\.gradle\caches\modules-2\files-2.1\org.apache.commons\commons-math3\3.6.1\e4ba98f1d4b3c80ec46392f25e094a6a2e58fcbf\commons-math3-3.6.1.jar;C:\Users\top\.gradle\caches\modules-2\files-2.1\org.apache.logging.log4j\log4j-1.2-api\2.13.0\b406e5776a90ac87483fd86a5fba869854733a1a\log4j-1.2-api-2.13.0.jar;C:\Users\top\.gradle\caches\modules-2\files-2.1\org.apache.logging.log4j\log4j-core\2.13.0\57b8b57dac4c87696acb4b8457fd8cbf4273d40d\log4j-core-2.13.0.jar;C:\Users\top\.gradle\caches\modules-2\files-2.1\commons-cli\commons-cli\1.4\c51c00206bb913cd8612b24abd9fa98ae89719b1\commons-cli-1.4.jar;C:\Users\top\.gradle\caches\modules-2\files-2.1\com.google.guava\guava\28.2-jre\8ec9ed76528425762174f0011ce8f74ad845b756\guava-28.2-jre.jar;C:\Users\top\.gradle\caches\modules-2\files-2.1\org.mapsforge\mapsforge-map-awt\0.13.0\e363755aa831cc0b372615836fd7003e8b2f7d00\mapsforge-map-awt-0.13.0.jar;C:\Users\top\.gradle\caches\modules-2\files-2.1\org.mapsforge\mapsforge-map-reader\0.13.0\b30d23e82d684ec5e8c9617d5be3778f56ef8aba\mapsforge-map-reader-0.13.0.jar;C:\Users\top\.gradle\caches\modules-2\files-2.1\org.mapsforge\mapsforge-themes\0.13.0\8f621a09e2e3f572e041c2df7762c5427be50145\mapsforge-themes-0.13.0.jar;C:\Users\top\.gradle\caches\modules-2\files-2.1\org.mapsforge\mapsforge-map\0.13.0\d0b1fe5716e0bf867821eb7ba0ed42261a4bb7bb\mapsforge-map-0.13.0.jar;C:\Users\top\.gradle\caches\modules-2\files-2.1\org.mapsforge\mapsforge-poi-awt\0.13.0\7d21482cebaba1fe9b1cb4855fc1d422dc7fd0ec\mapsforge-poi-awt-0.13.0.jar;C:\Users\top\.gradle\caches\modules-2\files-2.1\org.mapsforge\mapsforge-poi\0.13.0\5c02882644163ae040a041e39d35c937c251726f\mapsforge-poi-0.13.0.jar;C:\Users\top\.gradle\caches\modules-2\files-2.1\org.mapsforge\mapsf
Launcher Type: SUN_STANDARD

Environment Variables:
JAVA_HOME=C:\Program Files\Java\jdk-13.0.2
PATH=C:/Program Files/Java/jre1.8.0_251/bin/server;C:/Program Files/Java/jre1.8.0_251/bin;C:/Program Files/Java/jre1.8.0_251/lib/amd64;C:\Program Files (x86)\Common Files\Oracle\Java\javapath;C:\Python3\Scripts\;C:\Python3\;C:\ProgramData\Oracle\Java\javapath;C:\Program Files (x86)\Intel\TXE Components\TCS\;C:\Program Files\Intel\TXE Components\TCS\;C:\WINDOWS\system32;C:\WINDOWS;C:\WINDOWS\System32\Wbem;C:\WINDOWS\System32\WindowsPowerShell\v1.0\;C:\Program Files\Intel\TXE Components\DAL\;C:\Program Files (x86)\Intel\TXE Components\DAL\;C:\Program Files\Intel\TXE Components\IPT\;C:\Program Files (x86)\Intel\TXE Components\IPT\;C:\Program Files\SlikSvn\bin;C:\WINDOWS\System32\OpenSSH\;C:\Program Files\Intel\WiFi\bin\;C:\Program Files\Common Files\Intel\WirelessCommon\;C:\Program Files\Git\cmd;C:\Users\top\AppData\Local\Microsoft\WindowsApps;C:\Users\top\AppData\Local\GitHubDesktop\bin;%USERPROFILE%\AppData\Local\Microsoft\WindowsApps;;C:\Users\top\BTSync\Exchange\eclipse;
USERNAME=top
OS=Windows_NT
PROCESSOR_IDENTIFIER=Intel64 Family 6 Model 76 Stepping 4, GenuineIntel



---------------  S Y S T E M  ---------------

OS: Windows 10.0 , 64 bit Build 18362 (10.0.18362.900)

CPU:total 4 (initial active 4) (4 cores per cpu, 1 threads per core) family 6 model 76 stepping 4, cmov, cx8, fxsr, mmx, sse, sse2, sse3, ssse3, sse4.1, sse4.2, popcnt, aes, clmul, erms, 3dnowpref, tsc, tscinvbit

Memory: 4k page, physical 4106000k(290348k free), swap 6203152k(4352k free)

vm_info: Java HotSpot(TM) 64-Bit Server VM (25.251-b08) for windows-amd64 JRE (1.8.0_251-b08), built on Mar 12 2020 06:31:49 by "" with MS VC++ 10.0 (VS2010)

time: Sat Jun 27 08:50:28 2020
timezone: Mitteleuropäische Sommerzeit
elapsed time: 26 seconds (0d 0h 0m 26s)

